<?xml version="1.0" encoding="UTF-8"?>
<!-- Generated by org.testng.reporters.JUnitReportReporter -->
<testsuite hostname="Remote-PC" name="in.couponDunia.utils.VerifyCouponDuniaLogin1" tests="1" failures="0" timestamp="7 Feb 2017 10:37:41 GMT" time="11.063" errors="0">
  <testcase name="verifyValidEmailLogin" time="11.063" classname="in.couponDunia.utils.VerifyCouponDuniaLogin1"/>
</testsuite> <!-- in.couponDunia.utils.VerifyCouponDuniaLogin1 -->
