<?xml version="1.0" encoding="UTF-8"?>
<!-- Generated by org.testng.reporters.JUnitReportReporter -->
<testsuite hostname="Remote-PC" name="in.couponDunia.pom.VerifyCouponDuniaLogin1" tests="1" failures="1" timestamp="7 Feb 2017 10:01:39 GMT" time="47.535" errors="0">
  <testcase name="verifyValidEmailLogin" time="47.535" classname="in.couponDunia.pom.VerifyCouponDuniaLogin1">
    <failure type="org.openqa.selenium.WebDriverException" message="Failed to connect to binary FirefoxBinary(C:\Program Files\Mozilla Firefox\firefox.exe) on port 7055; process output follows: 
DEBUG	getModTime: Recursive scan of {972ce4c6-7e08-4474-a285-3208198ce6fd}
1486461654102	DeferredSave.extensions.json	DEBUG	Save changes
1486461654102	addons.xpi	DEBUG	Updating database with changes to installed add-ons
1486461654102	addons.xpi-utils	DEBUG	Updating add-on states
1486461654103	addons.xpi-utils	DEBUG	Writing add-ons list
1486461654105	addons.xpi	DEBUG	Registering manifest for C:\Program Files\Mozilla Firefox\browser\features\e10srollout@mozilla.org.xpi
1486461654106	addons.xpi	DEBUG	Calling bootstrap method startup on e10srollout@mozilla.org version 1.0
1486461654106	addons.xpi	DEBUG	Registering manifest for C:\Program Files\Mozilla Firefox\browser\features\firefox@getpocket.com.xpi
1486461654107	addons.xpi	DEBUG	Calling bootstrap method startup on firefox@getpocket.com version 1.0.2
1486461654108	addons.xpi	DEBUG	Registering manifest for C:\Program Files\Mozilla Firefox\browser\features\loop@mozilla.org.xpi
1486461654109	addons.xpi	DEBUG	Calling bootstrap method startup on loop@mozilla.org version 1.3.2
1486461654136	addons.manager	DEBUG	Registering shutdown blocker for XPIProvider
1486461654136	addons.manager	DEBUG	Provider finished startup: XPIProvider
1486461654137	addons.manager	DEBUG	Starting provider: LightweightThemeManager
1486461654137	addons.manager	DEBUG	Registering shutdown blocker for LightweightThemeManager
1486461654137	addons.manager	DEBUG	Provider finished startup: LightweightThemeManager
1486461654138	addons.manager	DEBUG	Starting provider: GMPProvider
1486461654145	addons.manager	DEBUG	Registering shutdown blocker for GMPProvider
1486461654146	addons.manager	DEBUG	Provider finished startup: GMPProvider
1486461654146	addons.manager	DEBUG	Starting provider: PluginProvider
1486461654146	addons.manager	DEBUG	Registering shutdown blocker for PluginProvider
1486461654146	addons.manager	DEBUG	Provider finished startup: PluginProvider
1486461654147	addons.manager	DEBUG	Completed startup sequence
1486461656378	DeferredSave.extensions.json	DEBUG	Starting write
1486461656387	addons.manager	DEBUG	Starting provider: &lt;unnamed-provider&gt;
1486461656387	addons.manager	DEBUG	Registering shutdown blocker for &lt;unnamed-provider&gt;
1486461656387	addons.manager	DEBUG	Provider finished startup: &lt;unnamed-provider&gt;
1486461656924	addons.repository	DEBUG	No addons.json found.
1486461656925	DeferredSave.addons.json	DEBUG	Save changes
1486461656958	DeferredSave.addons.json	DEBUG	Starting timer
1486461656985	addons.manager	DEBUG	Starting provider: PreviousExperimentProvider
1486461656985	addons.manager	DEBUG	Registering shutdown blocker for PreviousExperimentProvider
1486461656986	addons.manager	DEBUG	Provider finished startup: PreviousExperimentProvider
1486461656989	DeferredSave.extensions.json	DEBUG	Write succeeded
1486461656990	addons.xpi-utils	DEBUG	XPI Database saved, setting schema version preference to 17
1486461657019	DeferredSave.addons.json	DEBUG	Starting write
1486461657029	DeferredSave.addons.json	DEBUG	Write succeeded
1486461671498	addons.xpi	DEBUG	Calling bootstrap method shutdown on e10srollout@mozilla.org version 1.0
1486461671498	addons.xpi	DEBUG	Calling bootstrap method shutdown on firefox@getpocket.com version 1.0.2
1486461671500	addons.xpi	DEBUG	Calling bootstrap method shutdown on loop@mozilla.org version 1.3.2
1486461671709	addons.manager	DEBUG	shutdown
1486461671710	addons.manager	DEBUG	Calling shutdown blocker for XPIProvider
1486461671710	addons.xpi	DEBUG	shutdown
1486461671710	addons.xpi-utils	DEBUG	shutdown
1486461671711	addons.manager	DEBUG	Calling shutdown blocker for LightweightThemeManager
1486461671712	addons.manager	DEBUG	Calling shutdown blocker for GMPProvider
1486461671715	addons.manager	DEBUG	Calling shutdown blocker for PluginProvider
1486461671716	addons.manager	DEBUG	Calling shutdown blocker for &lt;unnamed-provider&gt;
1486461671719	addons.manager	DEBUG	Calling shutdown blocker for PreviousExperimentProvider
1486461671725	addons.xpi	DEBUG	Notifying XPI shutdown observers
1486461671730	addons.manager	DEBUG	Async provider shutdown done

Build info: version: &#039;2.47.1&#039;, revision: &#039;unknown&#039;, time: &#039;2015-07-30 11:02:44&#039;
System info: host: &#039;Remote-PC&#039;, ip: &#039;10.100.5.44&#039;, os.name: &#039;Windows 7&#039;, os.arch: &#039;amd64&#039;, os.version: &#039;6.1&#039;, java.version: &#039;1.8.0_101&#039;
Driver info: driver.version: FirefoxDriver">
      <![CDATA[org.openqa.selenium.WebDriverException: Failed to connect to binary FirefoxBinary(C:\Program Files\Mozilla Firefox\firefox.exe) on port 7055; process output follows: 
DEBUG	getModTime: Recursive scan of {972ce4c6-7e08-4474-a285-3208198ce6fd}
1486461654102	DeferredSave.extensions.json	DEBUG	Save changes
1486461654102	addons.xpi	DEBUG	Updating database with changes to installed add-ons
1486461654102	addons.xpi-utils	DEBUG	Updating add-on states
1486461654103	addons.xpi-utils	DEBUG	Writing add-ons list
1486461654105	addons.xpi	DEBUG	Registering manifest for C:\Program Files\Mozilla Firefox\browser\features\e10srollout@mozilla.org.xpi
1486461654106	addons.xpi	DEBUG	Calling bootstrap method startup on e10srollout@mozilla.org version 1.0
1486461654106	addons.xpi	DEBUG	Registering manifest for C:\Program Files\Mozilla Firefox\browser\features\firefox@getpocket.com.xpi
1486461654107	addons.xpi	DEBUG	Calling bootstrap method startup on firefox@getpocket.com version 1.0.2
1486461654108	addons.xpi	DEBUG	Registering manifest for C:\Program Files\Mozilla Firefox\browser\features\loop@mozilla.org.xpi
1486461654109	addons.xpi	DEBUG	Calling bootstrap method startup on loop@mozilla.org version 1.3.2
1486461654136	addons.manager	DEBUG	Registering shutdown blocker for XPIProvider
1486461654136	addons.manager	DEBUG	Provider finished startup: XPIProvider
1486461654137	addons.manager	DEBUG	Starting provider: LightweightThemeManager
1486461654137	addons.manager	DEBUG	Registering shutdown blocker for LightweightThemeManager
1486461654137	addons.manager	DEBUG	Provider finished startup: LightweightThemeManager
1486461654138	addons.manager	DEBUG	Starting provider: GMPProvider
1486461654145	addons.manager	DEBUG	Registering shutdown blocker for GMPProvider
1486461654146	addons.manager	DEBUG	Provider finished startup: GMPProvider
1486461654146	addons.manager	DEBUG	Starting provider: PluginProvider
1486461654146	addons.manager	DEBUG	Registering shutdown blocker for PluginProvider
1486461654146	addons.manager	DEBUG	Provider finished startup: PluginProvider
1486461654147	addons.manager	DEBUG	Completed startup sequence
1486461656378	DeferredSave.extensions.json	DEBUG	Starting write
1486461656387	addons.manager	DEBUG	Starting provider: <unnamed-provider>
1486461656387	addons.manager	DEBUG	Registering shutdown blocker for <unnamed-provider>
1486461656387	addons.manager	DEBUG	Provider finished startup: <unnamed-provider>
1486461656924	addons.repository	DEBUG	No addons.json found.
1486461656925	DeferredSave.addons.json	DEBUG	Save changes
1486461656958	DeferredSave.addons.json	DEBUG	Starting timer
1486461656985	addons.manager	DEBUG	Starting provider: PreviousExperimentProvider
1486461656985	addons.manager	DEBUG	Registering shutdown blocker for PreviousExperimentProvider
1486461656986	addons.manager	DEBUG	Provider finished startup: PreviousExperimentProvider
1486461656989	DeferredSave.extensions.json	DEBUG	Write succeeded
1486461656990	addons.xpi-utils	DEBUG	XPI Database saved, setting schema version preference to 17
1486461657019	DeferredSave.addons.json	DEBUG	Starting write
1486461657029	DeferredSave.addons.json	DEBUG	Write succeeded
1486461671498	addons.xpi	DEBUG	Calling bootstrap method shutdown on e10srollout@mozilla.org version 1.0
1486461671498	addons.xpi	DEBUG	Calling bootstrap method shutdown on firefox@getpocket.com version 1.0.2
1486461671500	addons.xpi	DEBUG	Calling bootstrap method shutdown on loop@mozilla.org version 1.3.2
1486461671709	addons.manager	DEBUG	shutdown
1486461671710	addons.manager	DEBUG	Calling shutdown blocker for XPIProvider
1486461671710	addons.xpi	DEBUG	shutdown
1486461671710	addons.xpi-utils	DEBUG	shutdown
1486461671711	addons.manager	DEBUG	Calling shutdown blocker for LightweightThemeManager
1486461671712	addons.manager	DEBUG	Calling shutdown blocker for GMPProvider
1486461671715	addons.manager	DEBUG	Calling shutdown blocker for PluginProvider
1486461671716	addons.manager	DEBUG	Calling shutdown blocker for <unnamed-provider>
1486461671719	addons.manager	DEBUG	Calling shutdown blocker for PreviousExperimentProvider
1486461671725	addons.xpi	DEBUG	Notifying XPI shutdown observers
1486461671730	addons.manager	DEBUG	Async provider shutdown done

Build info: version: '2.47.1', revision: 'unknown', time: '2015-07-30 11:02:44'
System info: host: 'Remote-PC', ip: '10.100.5.44', os.name: 'Windows 7', os.arch: 'amd64', os.version: '6.1', java.version: '1.8.0_101'
Driver info: driver.version: FirefoxDriver
	at org.openqa.selenium.firefox.internal.NewProfileExtensionConnection.start(NewProfileExtensionConnection.java:134)
	at org.openqa.selenium.firefox.FirefoxDriver.startClient(FirefoxDriver.java:276)
	at org.openqa.selenium.remote.RemoteWebDriver.<init>(RemoteWebDriver.java:116)
	at org.openqa.selenium.firefox.FirefoxDriver.<init>(FirefoxDriver.java:221)
	at org.openqa.selenium.firefox.FirefoxDriver.<init>(FirefoxDriver.java:216)
	at org.openqa.selenium.firefox.FirefoxDriver.<init>(FirefoxDriver.java:212)
	at org.openqa.selenium.firefox.FirefoxDriver.<init>(FirefoxDriver.java:125)
	at in.couponDunia.pom.VerifyCouponDuniaLogin1.verifyValidEmailLogin(VerifyCouponDuniaLogin1.java:21)
	at sun.reflect.NativeMethodAccessorImpl.invoke0(Native Method)
	at sun.reflect.NativeMethodAccessorImpl.invoke(Unknown Source)
	at sun.reflect.DelegatingMethodAccessorImpl.invoke(Unknown Source)
	at java.lang.reflect.Method.invoke(Unknown Source)
	at org.testng.internal.MethodInvocationHelper.invokeMethod(MethodInvocationHelper.java:80)
	at org.testng.internal.Invoker.invokeMethod(Invoker.java:714)
	at org.testng.internal.Invoker.invokeTestMethod(Invoker.java:901)
	at org.testng.internal.Invoker.invokeTestMethods(Invoker.java:1231)
	at org.testng.internal.TestMethodWorker.invokeTestMethods(TestMethodWorker.java:127)
	at org.testng.internal.TestMethodWorker.run(TestMethodWorker.java:111)
	at org.testng.TestRunner.privateRun(TestRunner.java:767)
	at org.testng.TestRunner.run(TestRunner.java:617)
	at org.testng.SuiteRunner.runTest(SuiteRunner.java:334)
	at org.testng.SuiteRunner.runSequentially(SuiteRunner.java:329)
	at org.testng.SuiteRunner.privateRun(SuiteRunner.java:291)
	at org.testng.SuiteRunner.run(SuiteRunner.java:240)
	at org.testng.SuiteRunnerWorker.runSuite(SuiteRunnerWorker.java:52)
	at org.testng.SuiteRunnerWorker.run(SuiteRunnerWorker.java:86)
	at org.testng.TestNG.runSuitesSequentially(TestNG.java:1198)
	at org.testng.TestNG.runSuitesLocally(TestNG.java:1123)
	at org.testng.TestNG.run(TestNG.java:1031)
	at org.testng.remote.AbstractRemoteTestNG.run(AbstractRemoteTestNG.java:132)
	at org.testng.remote.RemoteTestNG.initAndRun(RemoteTestNG.java:236)
	at org.testng.remote.RemoteTestNG.main(RemoteTestNG.java:81)
Caused by: org.openqa.selenium.firefox.NotConnectedException: Unable to connect to host 127.0.0.1 on port 7055 after 45000 ms. Firefox console output:
DEBUG	getModTime: Recursive scan of {972ce4c6-7e08-4474-a285-3208198ce6fd}
1486461654102	DeferredSave.extensions.json	DEBUG	Save changes
1486461654102	addons.xpi	DEBUG	Updating database with changes to installed add-ons
1486461654102	addons.xpi-utils	DEBUG	Updating add-on states
1486461654103	addons.xpi-utils	DEBUG	Writing add-ons list
1486461654105	addons.xpi	DEBUG	Registering manifest for C:\Program Files\Mozilla Firefox\browser\features\e10srollout@mozilla.org.xpi
1486461654106	addons.xpi	DEBUG	Calling bootstrap method startup on e10srollout@mozilla.org version 1.0
1486461654106	addons.xpi	DEBUG	Registering manifest for C:\Program Files\Mozilla Firefox\browser\features\firefox@getpocket.com.xpi
1486461654107	addons.xpi	DEBUG	Calling bootstrap method startup on firefox@getpocket.com version 1.0.2
1486461654108	addons.xpi	DEBUG	Registering manifest for C:\Program Files\Mozilla Firefox\browser\features\loop@mozilla.org.xpi
1486461654109	addons.xpi	DEBUG	Calling bootstrap method startup on loop@mozilla.org version 1.3.2
1486461654136	addons.manager	DEBUG	Registering shutdown blocker for XPIProvider
1486461654136	addons.manager	DEBUG	Provider finished startup: XPIProvider
1486461654137	addons.manager	DEBUG	Starting provider: LightweightThemeManager
1486461654137	addons.manager	DEBUG	Registering shutdown blocker for LightweightThemeManager
1486461654137	addons.manager	DEBUG	Provider finished startup: LightweightThemeManager
1486461654138	addons.manager	DEBUG	Starting provider: GMPProvider
1486461654145	addons.manager	DEBUG	Registering shutdown blocker for GMPProvider
1486461654146	addons.manager	DEBUG	Provider finished startup: GMPProvider
1486461654146	addons.manager	DEBUG	Starting provider: PluginProvider
1486461654146	addons.manager	DEBUG	Registering shutdown blocker for PluginProvider
1486461654146	addons.manager	DEBUG	Provider finished startup: PluginProvider
1486461654147	addons.manager	DEBUG	Completed startup sequence
1486461656378	DeferredSave.extensions.json	DEBUG	Starting write
1486461656387	addons.manager	DEBUG	Starting provider: <unnamed-provider>
1486461656387	addons.manager	DEBUG	Registering shutdown blocker for <unnamed-provider>
1486461656387	addons.manager	DEBUG	Provider finished startup: <unnamed-provider>
1486461656924	addons.repository	DEBUG	No addons.json found.
1486461656925	DeferredSave.addons.json	DEBUG	Save changes
1486461656958	DeferredSave.addons.json	DEBUG	Starting timer
1486461656985	addons.manager	DEBUG	Starting provider: PreviousExperimentProvider
1486461656985	addons.manager	DEBUG	Registering shutdown blocker for PreviousExperimentProvider
1486461656986	addons.manager	DEBUG	Provider finished startup: PreviousExperimentProvider
1486461656989	DeferredSave.extensions.json	DEBUG	Write succeeded
1486461656990	addons.xpi-utils	DEBUG	XPI Database saved, setting schema version preference to 17
1486461657019	DeferredSave.addons.json	DEBUG	Starting write
1486461657029	DeferredSave.addons.json	DEBUG	Write succeeded
1486461671498	addons.xpi	DEBUG	Calling bootstrap method shutdown on e10srollout@mozilla.org version 1.0
1486461671498	addons.xpi	DEBUG	Calling bootstrap method shutdown on firefox@getpocket.com version 1.0.2
1486461671500	addons.xpi	DEBUG	Calling bootstrap method shutdown on loop@mozilla.org version 1.3.2
1486461671709	addons.manager	DEBUG	shutdown
1486461671710	addons.manager	DEBUG	Calling shutdown blocker for XPIProvider
1486461671710	addons.xpi	DEBUG	shutdown
1486461671710	addons.xpi-utils	DEBUG	shutdown
1486461671711	addons.manager	DEBUG	Calling shutdown blocker for LightweightThemeManager
1486461671712	addons.manager	DEBUG	Calling shutdown blocker for GMPProvider
1486461671715	addons.manager	DEBUG	Calling shutdown blocker for PluginProvider
1486461671716	addons.manager	DEBUG	Calling shutdown blocker for <unnamed-provider>
1486461671719	addons.manager	DEBUG	Calling shutdown blocker for PreviousExperimentProvider
1486461671725	addons.xpi	DEBUG	Notifying XPI shutdown observers
1486461671730	addons.manager	DEBUG	Async provider shutdown done

	at org.openqa.selenium.firefox.internal.NewProfileExtensionConnection.start(NewProfileExtensionConnection.java:122)
	... 31 more
]]>
    </failure>
  </testcase> <!-- verifyValidEmailLogin -->
</testsuite> <!-- in.couponDunia.pom.VerifyCouponDuniaLogin1 -->
